[2022/1/27 17:20:18 GMT+0800] : launched


[2022/1/27 18:9:9 GMT+0800] : launched


[2022/1/27 19:43:18 GMT+0800] : launched


[2022/1/27 20:19:27 GMT+0800] : launched


[2022/1/27 20:28:36 GMT+0800] : launched


[2022/1/27 20:37:29 GMT+0800] : launched


[2022/1/27 20:39:28 GMT+0800] : launched


[Error] : Canceled
Canceled: Canceled
	at Object.R [as canceled] (c:\Users\guojunzhe\AppData\Local\Programs\Microsoft VS Code\resources\app\out\vs\workbench\services\extensions\node\extensionHostProcess.js:5:1157)
	at c:\Users\guojunzhe\AppData\Local\Programs\Microsoft VS Code\resources\app\out\vs\workbench\services\extensions\node\extensionHostProcess.js:99:9064
	at Array.forEach (<anonymous>)
	at t.dispose (c:\Users\guojunzhe\AppData\Local\Programs\Microsoft VS Code\resources\app\out\vs\workbench\services\extensions\node\extensionHostProcess.js:99:9012)
	at p.terminate (c:\Users\guojunzhe\AppData\Local\Programs\Microsoft VS Code\resources\app\out\vs\workbench\services\extensions\node\extensionHostProcess.js:104:694)
	at r (c:\Users\guojunzhe\AppData\Local\Programs\Microsoft VS Code\resources\app\out\vs\workbench\services\extensions\node\extensionHostProcess.js:114:36400)
	at Socket.<anonymous> (c:\Users\guojunzhe\AppData\Local\Programs\Microsoft VS Code\resources\app\out\vs\workbench\services\extensions\node\extensionHostProcess.js:114:34012)
	at Socket.emit (events.js:327:22)
	at Pipe.<anonymous> (net.js:673:12)
[2022/1/27 20:55:2 GMT+0800] : launched


[2022/1/27 21:0:55 GMT+0800] : launched


[2022/1/28 9:51:45 GMT+0800] : launched


[2022/1/28 9:52:17 GMT+0800] : launched


[2022/1/28 10:2:59 GMT+0800] : launched


[2022/1/28 14:25:0 GMT+0800] : launched


[2022/1/28 14:31:38 GMT+0800] : launched


